Using pre-set license
Built from '2020.3/staging' branch; Version is '2020.3.23f1 (c5d91304a876) revision 12966163'; Using compiler version '192528614'; Build Type 'Release'
OS: 'Windows 10 Home; OS build 19042.1348; Version 2009; 64bit' Language: 'fr' Physical Memory: 16333 MB
BatchMode: 1, IsHumanControllingUs: 0, StartBugReporterOnCrash: 0, Is64bit: 1, IsPro: 0

COMMAND LINE ARGUMENTS:
C:\Program Files\Unity\Hub\Editor\2020.3.23f1\Editor\Unity.exe
-adb2
-batchMode
-noUpm
-name
AssetImportWorker0
-projectPath
C:/Users/timbo/Documents/GitHub/BuildProjetS3
-logFile
Logs/AssetImportWorker0.log
-srvPort
54696
Successfully changed project path to: C:/Users/timbo/Documents/GitHub/BuildProjetS3
C:/Users/timbo/Documents/GitHub/BuildProjetS3
Using Asset Import Pipeline V2.
Refreshing native plugins compatible for Editor in 32.21 ms, found 2 plugins.
Preloading 0 native plugins for Editor in 0.00 ms.
Initialize engine version: 2020.3.23f1 (c5d91304a876)
[Subsystems] Discovering subsystems at path C:/Program Files/Unity/Hub/Editor/2020.3.23f1/Editor/Data/Resources/UnitySubsystems
[Subsystems] Discovering subsystems at path C:/Users/timbo/Documents/GitHub/BuildProjetS3/Assets
GfxDevice: creating device client; threaded=0
Direct3D:
    Version:  Direct3D 11.0 [level 11.1]
    Renderer: NVIDIA GeForce RTX 2070 SUPER (ID=0x1e84)
    Vendor:   
    VRAM:     8011 MB
    Driver:   27.21.14.5751
Initialize mono
Mono path[0] = 'C:/Program Files/Unity/Hub/Editor/2020.3.23f1/Editor/Data/Managed'
Mono path[1] = 'C:/Program Files/Unity/Hub/Editor/2020.3.23f1/Editor/Data/MonoBleedingEdge/lib/mono/unityjit'
Mono config path = 'C:/Program Files/Unity/Hub/Editor/2020.3.23f1/Editor/Data/MonoBleedingEdge/etc'
Using monoOptions --debugger-agent=transport=dt_socket,embedding=1,server=y,suspend=n,address=127.0.0.1:56436
Begin MonoManager ReloadAssembly
Registering precompiled unity dll's ...
Register platform support module: C:/Program Files/Unity/Hub/Editor/2020.3.23f1/Editor/Data/PlaybackEngines/WindowsStandaloneSupport/UnityEditor.WindowsStandalone.Extensions.dll
Registered in 0.001659 seconds.
Native extension for WindowsStandalone target not found
Refreshing native plugins compatible for Editor in 31.67 ms, found 2 plugins.
Preloading 0 native plugins for Editor in 0.00 ms.
Mono: successfully reloaded assembly
- Completed reload, in  0.443 seconds
Domain Reload Profiling:
	ReloadAssembly (443ms)
		BeginReloadAssembly (41ms)
			ExecutionOrderSort (0ms)
			DisableScriptedObjects (0ms)
			BackupInstance (0ms)
			ReleaseScriptingObjects (0ms)
			CreateAndSetChildDomain (1ms)
		EndReloadAssembly (341ms)
			LoadAssemblies (39ms)
			RebuildTransferFunctionScriptingTraits (0ms)
			SetupTypeCache (113ms)
			ReleaseScriptCaches (0ms)
			RebuildScriptCaches (24ms)
			SetupLoadedEditorAssemblies (128ms)
				LogAssemblyErrors (0ms)
				InitializePlatformSupportModulesInManaged (3ms)
				SetLoadedEditorAssemblies (0ms)
				RefreshPlugins (32ms)
				BeforeProcessingInitializeOnLoad (7ms)
				ProcessInitializeOnLoadAttributes (64ms)
				ProcessInitializeOnLoadMethodAttributes (22ms)
				AfterProcessingInitializeOnLoad (0ms)
				EditorAssembliesLoaded (0ms)
			ExecutionOrderSort2 (0ms)
			AwakeInstancesAfterBackupRestoration (0ms)
Platform modules already initialized, skipping
Registering precompiled user dll's ...
Registered in 0.003498 seconds.
Begin MonoManager ReloadAssembly
Native extension for WindowsStandalone target not found
Refreshing native plugins compatible for Editor in 0.44 ms, found 2 plugins.
Preloading 0 native plugins for Editor in 0.00 ms.
Mono: successfully reloaded assembly
- Completed reload, in  0.786 seconds
Domain Reload Profiling:
	ReloadAssembly (786ms)
		BeginReloadAssembly (115ms)
			ExecutionOrderSort (0ms)
			DisableScriptedObjects (4ms)
			BackupInstance (0ms)
			ReleaseScriptingObjects (0ms)
			CreateAndSetChildDomain (17ms)
		EndReloadAssembly (621ms)
			LoadAssemblies (67ms)
			RebuildTransferFunctionScriptingTraits (0ms)
			SetupTypeCache (217ms)
			ReleaseScriptCaches (0ms)
			RebuildScriptCaches (34ms)
			SetupLoadedEditorAssemblies (230ms)
				LogAssemblyErrors (0ms)
				InitializePlatformSupportModulesInManaged (3ms)
				SetLoadedEditorAssemblies (0ms)
				RefreshPlugins (0ms)
				BeforeProcessingInitializeOnLoad (49ms)
				ProcessInitializeOnLoadAttributes (165ms)
				ProcessInitializeOnLoadMethodAttributes (7ms)
				AfterProcessingInitializeOnLoad (5ms)
				EditorAssembliesLoaded (0ms)
			ExecutionOrderSort2 (0ms)
			AwakeInstancesAfterBackupRestoration (5ms)
Platform modules already initialized, skipping
========================================================================
Worker process is ready to serve import requests
Launched and connected shader compiler UnityShaderCompiler.exe after 0.05 seconds
Refreshing native plugins compatible for Editor in 0.45 ms, found 2 plugins.
Preloading 0 native plugins for Editor in 0.00 ms.
Unloading 1875 Unused Serialized files (Serialized files now loaded: 0)
System memory in use before: 85.8 MB.
System memory in use after: 85.8 MB.

Unloading 20 unused Assets to reduce memory usage. Loaded Objects now: 2308.
Total: 2.955100 ms (FindLiveObjects: 0.205900 ms CreateObjectMapping: 0.054200 ms MarkObjects: 2.574600 ms  DeleteObjects: 0.119100 ms)

AssetImportParameters requested are different than current active one (requested -> active):
  custom:framework-win-MediaFoundation: 216162199b28c13a410421893ffa2e32 -> 
  custom:video-decoder-ogg-theora: a1e56fd34408186e4bbccfd4996cb3dc -> 
  custom:container-muxer-webm: aa71ff27fc2769a1b78a27578f13a17b -> 
  custom:container-demuxer-webm: 4f35f7cbe854078d1ac9338744f61a02 -> 
  custom:container-demuxer-ogg: 62fdf1f143b41e24485cea50d1cbac27 -> 
  custom:video-encoder-webm-vp8: eb34c28f22e8b96e1ab97ce403110664 -> 
  custom:video-decoder-webm-vp8: 9c59270c3fd7afecdb556c50c9e8de78 -> 
  custom:audio-decoder-ogg-vorbis: bf7c407c2cedff20999df2af8eb42d56 -> 
  custom:audio-encoder-webm-vorbis: bf7c407c2cedff20999df2af8eb42d56 -> 
========================================================================
Received Import Request.
  path: Assets/Script
  artifactKey: Guid(96599f09a4fe2d646a826a521f1569e3) Importer(815301076,1909f56bfc062723c751e8b465ee728b)
Start importing Assets/Script using Guid(96599f09a4fe2d646a826a521f1569e3) Importer(815301076,1909f56bfc062723c751e8b465ee728b)  -> (artifact id: '1103fc7f08bcc1e25eb5d29eb5783b13') in 0.008962 seconds 
  Import took 0.011687 seconds .

========================================================================
Received Import Request.
  Time since last request: 0.025236 seconds.
  path: Assets/Script/bouton_menu.cs
  artifactKey: Guid(96d16b33e698447468ffe42b47559bde) Importer(815301076,1909f56bfc062723c751e8b465ee728b)
Start importing Assets/Script/bouton_menu.cs using Guid(96d16b33e698447468ffe42b47559bde) Importer(815301076,1909f56bfc062723c751e8b465ee728b)  -> (artifact id: 'b7a0c04d3bd9b3532f48377e0f946af2') in 0.026805 seconds 
  Import took 0.029466 seconds .

========================================================================
Received Import Request.
  Time since last request: 2.320455 seconds.
  path: Assets/Script/Grid3D.cs
  artifactKey: Guid(1fd02a59bccdb6b43a2b1aba4c4a508e) Importer(815301076,1909f56bfc062723c751e8b465ee728b)
Start importing Assets/Script/Grid3D.cs using Guid(1fd02a59bccdb6b43a2b1aba4c4a508e) Importer(815301076,1909f56bfc062723c751e8b465ee728b)  -> (artifact id: '15029f1f322908987801167a78966c3a') in 0.006005 seconds 
  Import took 0.009000 seconds .

========================================================================
Received Import Request.
  Time since last request: 1.222787 seconds.
  path: Assets/Script/GridObject.cs
  artifactKey: Guid(fc0229d2a1f45034bb90b5752d3c6614) Importer(815301076,1909f56bfc062723c751e8b465ee728b)
Start importing Assets/Script/GridObject.cs using Guid(fc0229d2a1f45034bb90b5752d3c6614) Importer(815301076,1909f56bfc062723c751e8b465ee728b)  -> (artifact id: 'a90432e6ceca9b10e4c1756f61333199') in 0.004969 seconds 
  Import took 0.007776 seconds .

========================================================================
Received Import Request.
  Time since last request: 3.573522 seconds.
  path: Assets/texture UI
  artifactKey: Guid(15ade1f43ad99cd4dbc9e28f7732571f) Importer(815301076,1909f56bfc062723c751e8b465ee728b)
Start importing Assets/texture UI using Guid(15ade1f43ad99cd4dbc9e28f7732571f) Importer(815301076,1909f56bfc062723c751e8b465ee728b)  -> (artifact id: '008ebb0e3d47521ac5f5dcd0c7a09e57') in 0.005585 seconds 
  Import took 0.008563 seconds .

========================================================================
Received Import Request.
  Time since last request: 0.034471 seconds.
  path: Assets/texture UI/barre haute@3x.png
  artifactKey: Guid(5e09d957ad1072f4899e53f14c20743b) Importer(815301076,1909f56bfc062723c751e8b465ee728b)
Start importing Assets/texture UI/barre haute@3x.png using Guid(5e09d957ad1072f4899e53f14c20743b) Importer(815301076,1909f56bfc062723c751e8b465ee728b)  -> (artifact id: '9f579c4944d169b94575de4e5efa311a') in 0.054666 seconds 
  Import took 0.057353 seconds .

========================================================================
Received Import Request.
  Time since last request: 0.000166 seconds.
  path: Assets/texture UI/UI.mat
  artifactKey: Guid(e73a2e8e11d77b644868fe5bcf83c85d) Importer(815301076,1909f56bfc062723c751e8b465ee728b)
Start importing Assets/texture UI/UI.mat using Guid(e73a2e8e11d77b644868fe5bcf83c85d) Importer(815301076,1909f56bfc062723c751e8b465ee728b)  -> (artifact id: '2624177edb3d7b74226d1f20be8aa6c6') in 0.085561 seconds 
  Import took 0.088187 seconds .

========================================================================
Received Import Request.
  Time since last request: 3.667074 seconds.
  path: Assets/Scenes
  artifactKey: Guid(a36fde982f8793b4c8c69f0202926067) Importer(815301076,1909f56bfc062723c751e8b465ee728b)
Start importing Assets/Scenes using Guid(a36fde982f8793b4c8c69f0202926067) Importer(815301076,1909f56bfc062723c751e8b465ee728b)  -> (artifact id: '0bce568fe4e9f7b0feb653fa9e003454') in 0.006521 seconds 
  Import took 0.009545 seconds .

========================================================================
Received Import Request.
  Time since last request: 1.560761 seconds.
  path: Assets/Scenes/Main_Menu.unity
  artifactKey: Guid(9f6f52cf2f84d2f439ab8a02bf57ef76) Importer(815301076,1909f56bfc062723c751e8b465ee728b)
Start importing Assets/Scenes/Main_Menu.unity using Guid(9f6f52cf2f84d2f439ab8a02bf57ef76) Importer(815301076,1909f56bfc062723c751e8b465ee728b)  -> (artifact id: 'a784ed410eced0f288541afdd179b926') in 0.005993 seconds 
  Import took 0.008974 seconds .

========================================================================
Received Import Request.
  Time since last request: 34.646607 seconds.
  path: Assets/Scenes/Selecteur mission.unity
  artifactKey: Guid(ca83020da9205374faeb341af7657d88) Importer(815301076,1909f56bfc062723c751e8b465ee728b)
Start importing Assets/Scenes/Selecteur mission.unity using Guid(ca83020da9205374faeb341af7657d88) Importer(815301076,1909f56bfc062723c751e8b465ee728b)  -> (artifact id: 'e559d8036f997e9c88cd41e58837940b') in 0.005366 seconds 
  Import took 0.007982 seconds .

========================================================================
Received Import Request.
  Time since last request: 6.109791 seconds.
  path: Assets/Scenes/topmain.unity
  artifactKey: Guid(1cb71a0bd72f8cf45ac409e61c1da3dc) Importer(815301076,1909f56bfc062723c751e8b465ee728b)
Start importing Assets/Scenes/topmain.unity using Guid(1cb71a0bd72f8cf45ac409e61c1da3dc) Importer(815301076,1909f56bfc062723c751e8b465ee728b)  -> (artifact id: '0d250afc96d76a7be056c1d8f05dfad8') in 0.005948 seconds 
  Import took 0.009073 seconds .

========================================================================
Received Import Request.
  Time since last request: 1.718709 seconds.
  path: Assets/Scenes/test.unity
  artifactKey: Guid(a3de3f1c0779e6549bfafe6844486b1f) Importer(815301076,1909f56bfc062723c751e8b465ee728b)
Start importing Assets/Scenes/test.unity using Guid(a3de3f1c0779e6549bfafe6844486b1f) Importer(815301076,1909f56bfc062723c751e8b465ee728b)  -> (artifact id: 'f6092042fb51e9e4cc890d4ea93fc533') in 0.006174 seconds 
  Import took 0.009311 seconds .

========================================================================
Received Import Request.
  Time since last request: 21.307754 seconds.
  path: Assets/Scenes/Hanger_contruction.unity
  artifactKey: Guid(f3f6a4722acd1e14599cdfe29c41c840) Importer(815301076,1909f56bfc062723c751e8b465ee728b)
Start importing Assets/Scenes/Hanger_contruction.unity using Guid(f3f6a4722acd1e14599cdfe29c41c840) Importer(815301076,1909f56bfc062723c751e8b465ee728b)  -> (artifact id: 'a3f04158ef30532003123aa7a1829154') in 0.006124 seconds 
  Import took 0.009065 seconds .

AssetImportWorkerClient::OnTransportError - code=2 error=End of file
