Using pre-set license
Built from '2020.3/staging' branch; Version is '2020.3.21f1 (a38c86f6690f) revision 10718342'; Using compiler version '192528614'; Build Type 'Release'
OS: 'Windows 10 Home; OS build 19043.1348; Version 2009; 64bit' Language: 'fr' Physical Memory: 16226 MB
BatchMode: 1, IsHumanControllingUs: 0, StartBugReporterOnCrash: 0, Is64bit: 1, IsPro: 0

COMMAND LINE ARGUMENTS:
C:\Program Files\Unity\Hub\Editor\2020.3.21f1\Editor\Unity.exe
-adb2
-batchMode
-noUpm
-name
AssetImportWorker1
-projectPath
D:/Rptil/GitHub/BuildProjetS3/GitHub/BuildProjetS3
-logFile
Logs/AssetImportWorker1.log
-srvPort
57160
Successfully changed project path to: D:/Rptil/GitHub/BuildProjetS3/GitHub/BuildProjetS3
D:/Rptil/GitHub/BuildProjetS3/GitHub/BuildProjetS3
Using Asset Import Pipeline V2.
Refreshing native plugins compatible for Editor in 35.98 ms, found 2 plugins.
Preloading 0 native plugins for Editor in 0.00 ms.
Initialize engine version: 2020.3.21f1 (a38c86f6690f)
[Subsystems] Discovering subsystems at path C:/Program Files/Unity/Hub/Editor/2020.3.21f1/Editor/Data/Resources/UnitySubsystems
[Subsystems] Discovering subsystems at path D:/Rptil/GitHub/BuildProjetS3/GitHub/BuildProjetS3/Assets
GfxDevice: creating device client; threaded=0
Direct3D:
    Version:  Direct3D 11.0 [level 11.1]
    Renderer: NVIDIA GeForce GTX 1050 (ID=0x1c8d)
    Vendor:   
    VRAM:     4019 MB
    Driver:   24.21.13.9931
Initialize mono
Mono path[0] = 'C:/Program Files/Unity/Hub/Editor/2020.3.21f1/Editor/Data/Managed'
Mono path[1] = 'C:/Program Files/Unity/Hub/Editor/2020.3.21f1/Editor/Data/MonoBleedingEdge/lib/mono/unityjit'
Mono config path = 'C:/Program Files/Unity/Hub/Editor/2020.3.21f1/Editor/Data/MonoBleedingEdge/etc'
Using monoOptions --debugger-agent=transport=dt_socket,embedding=1,server=y,suspend=n,address=127.0.0.1:56716
Begin MonoManager ReloadAssembly
Registering precompiled unity dll's ...
Register platform support module: C:/Program Files/Unity/Hub/Editor/2020.3.21f1/Editor/Data/PlaybackEngines/WindowsStandaloneSupport/UnityEditor.WindowsStandalone.Extensions.dll
Registered in 0.002115 seconds.
Native extension for WindowsStandalone target not found
Refreshing native plugins compatible for Editor in 35.83 ms, found 2 plugins.
Preloading 0 native plugins for Editor in 0.00 ms.
Mono: successfully reloaded assembly
- Completed reload, in  6.031 seconds
Domain Reload Profiling:
	ReloadAssembly (6031ms)
		BeginReloadAssembly (53ms)
			ExecutionOrderSort (0ms)
			DisableScriptedObjects (0ms)
			BackupInstance (0ms)
			ReleaseScriptingObjects (0ms)
			CreateAndSetChildDomain (1ms)
		EndReloadAssembly (553ms)
			LoadAssemblies (51ms)
			RebuildTransferFunctionScriptingTraits (0ms)
			SetupTypeCache (246ms)
			ReleaseScriptCaches (0ms)
			RebuildScriptCaches (30ms)
			SetupLoadedEditorAssemblies (185ms)
				LogAssemblyErrors (0ms)
				InitializePlatformSupportModulesInManaged (4ms)
				SetLoadedEditorAssemblies (0ms)
				RefreshPlugins (36ms)
				BeforeProcessingInitializeOnLoad (16ms)
				ProcessInitializeOnLoadAttributes (79ms)
				ProcessInitializeOnLoadMethodAttributes (50ms)
				AfterProcessingInitializeOnLoad (0ms)
				EditorAssembliesLoaded (0ms)
			ExecutionOrderSort2 (0ms)
			AwakeInstancesAfterBackupRestoration (0ms)
Platform modules already initialized, skipping
Registering precompiled user dll's ...
Registered in 0.004462 seconds.
Begin MonoManager ReloadAssembly
Native extension for WindowsStandalone target not found
Refreshing native plugins compatible for Editor in 0.39 ms, found 2 plugins.
Preloading 0 native plugins for Editor in 0.00 ms.
Mono: successfully reloaded assembly
- Completed reload, in  1.053 seconds
Domain Reload Profiling:
	ReloadAssembly (1054ms)
		BeginReloadAssembly (142ms)
			ExecutionOrderSort (0ms)
			DisableScriptedObjects (4ms)
			BackupInstance (0ms)
			ReleaseScriptingObjects (0ms)
			CreateAndSetChildDomain (17ms)
		EndReloadAssembly (851ms)
			LoadAssemblies (87ms)
			RebuildTransferFunctionScriptingTraits (0ms)
			SetupTypeCache (293ms)
			ReleaseScriptCaches (0ms)
			RebuildScriptCaches (41ms)
			SetupLoadedEditorAssemblies (344ms)
				LogAssemblyErrors (0ms)
				InitializePlatformSupportModulesInManaged (5ms)
				SetLoadedEditorAssemblies (0ms)
				RefreshPlugins (0ms)
				BeforeProcessingInitializeOnLoad (80ms)
				ProcessInitializeOnLoadAttributes (240ms)
				ProcessInitializeOnLoadMethodAttributes (10ms)
				AfterProcessingInitializeOnLoad (7ms)
				EditorAssembliesLoaded (0ms)
			ExecutionOrderSort2 (0ms)
			AwakeInstancesAfterBackupRestoration (6ms)
Platform modules already initialized, skipping
========================================================================
Worker process is ready to serve import requests
Launched and connected shader compiler UnityShaderCompiler.exe after 0.13 seconds
Refreshing native plugins compatible for Editor in 0.40 ms, found 2 plugins.
Preloading 0 native plugins for Editor in 0.00 ms.
Unloading 1863 Unused Serialized files (Serialized files now loaded: 0)
System memory in use before: 103.4 MB.
System memory in use after: 103.5 MB.

Unloading 19 unused Assets to reduce memory usage. Loaded Objects now: 2319.
Total: 2.879100 ms (FindLiveObjects: 0.167100 ms CreateObjectMapping: 0.065200 ms MarkObjects: 2.543500 ms  DeleteObjects: 0.102400 ms)

AssetImportParameters requested are different than current active one (requested -> active):
  custom:framework-win-MediaFoundation: 216162199b28c13a410421893ffa2e32 -> 
  custom:video-decoder-ogg-theora: a1e56fd34408186e4bbccfd4996cb3dc -> 
  custom:container-muxer-webm: aa71ff27fc2769a1b78a27578f13a17b -> 
  custom:container-demuxer-webm: 4f35f7cbe854078d1ac9338744f61a02 -> 
  custom:container-demuxer-ogg: 62fdf1f143b41e24485cea50d1cbac27 -> 
  custom:video-encoder-webm-vp8: eb34c28f22e8b96e1ab97ce403110664 -> 
  custom:video-decoder-webm-vp8: 9c59270c3fd7afecdb556c50c9e8de78 -> 
  custom:audio-decoder-ogg-vorbis: bf7c407c2cedff20999df2af8eb42d56 -> 
  custom:audio-encoder-webm-vorbis: bf7c407c2cedff20999df2af8eb42d56 -> 
========================================================================
Received Import Request.
  path: Assets/UiPrefab/inGameUI.prefab
  artifactKey: Guid(af584da5baba8394281a7f4b9e0d383f) Importer(815301076,1909f56bfc062723c751e8b465ee728b)
Start importing Assets/UiPrefab/inGameUI.prefab using Guid(af584da5baba8394281a7f4b9e0d383f) Importer(815301076,1909f56bfc062723c751e8b465ee728b)  -> (artifact id: 'a36064c144e46b2d8b4e1acb57a1a2ec') in 0.075675 seconds 
  Import took 0.079462 seconds .

========================================================================
Received Import Request.
  Time since last request: 2.953736 seconds.
  path: Assets/UiPrefab/inGameUI.prefab
  artifactKey: Guid(af584da5baba8394281a7f4b9e0d383f) Importer(815301076,1909f56bfc062723c751e8b465ee728b)
Start importing Assets/UiPrefab/inGameUI.prefab using Guid(af584da5baba8394281a7f4b9e0d383f) Importer(815301076,1909f56bfc062723c751e8b465ee728b)  -> (artifact id: 'c65cafebdab74f158a701cf3ae7ad211') in 0.007790 seconds 
  Import took 0.010859 seconds .

========================================================================
Received Import Request.
  Time since last request: 40.066060 seconds.
  path: Assets/UiPrefab/inGameUI.prefab
  artifactKey: Guid(af584da5baba8394281a7f4b9e0d383f) Importer(815301076,1909f56bfc062723c751e8b465ee728b)
Start importing Assets/UiPrefab/inGameUI.prefab using Guid(af584da5baba8394281a7f4b9e0d383f) Importer(815301076,1909f56bfc062723c751e8b465ee728b)  -> (artifact id: 'a4a490a21a4dd613300768feff616b12') in 0.006096 seconds 
  Import took 0.009368 seconds .

========================================================================
Received Import Request.
  Time since last request: 7.299023 seconds.
  path: Assets/UiPrefab/inGameUI.prefab
  artifactKey: Guid(af584da5baba8394281a7f4b9e0d383f) Importer(815301076,1909f56bfc062723c751e8b465ee728b)
Start importing Assets/UiPrefab/inGameUI.prefab using Guid(af584da5baba8394281a7f4b9e0d383f) Importer(815301076,1909f56bfc062723c751e8b465ee728b)  -> (artifact id: 'e25a949b8684cca03db0b670f8e20e84') in 0.007365 seconds 
  Import took 0.010665 seconds .

========================================================================
Received Import Request.
  Time since last request: 3.790591 seconds.
  path: Assets/UiPrefab/inGameUI.prefab
  artifactKey: Guid(af584da5baba8394281a7f4b9e0d383f) Importer(815301076,1909f56bfc062723c751e8b465ee728b)
Start importing Assets/UiPrefab/inGameUI.prefab using Guid(af584da5baba8394281a7f4b9e0d383f) Importer(815301076,1909f56bfc062723c751e8b465ee728b)  -> (artifact id: 'e9f0e585685cbbc8b05bd1d88f777dba') in 0.005640 seconds 
  Import took 0.009396 seconds .

========================================================================
Received Import Request.
  Time since last request: 1.598603 seconds.
  path: Assets/UiPrefab/inGameUI.prefab
  artifactKey: Guid(af584da5baba8394281a7f4b9e0d383f) Importer(815301076,1909f56bfc062723c751e8b465ee728b)
Start importing Assets/UiPrefab/inGameUI.prefab using Guid(af584da5baba8394281a7f4b9e0d383f) Importer(815301076,1909f56bfc062723c751e8b465ee728b)  -> (artifact id: 'fd67a7de793d72a0c9db4f8164ccef12') in 0.007021 seconds 
  Import took 0.009700 seconds .

========================================================================
Received Import Request.
  Time since last request: 8.705537 seconds.
  path: Assets/UiPrefab/inGameUI.prefab
  artifactKey: Guid(af584da5baba8394281a7f4b9e0d383f) Importer(815301076,1909f56bfc062723c751e8b465ee728b)
Start importing Assets/UiPrefab/inGameUI.prefab using Guid(af584da5baba8394281a7f4b9e0d383f) Importer(815301076,1909f56bfc062723c751e8b465ee728b)  -> (artifact id: '02de3d498e568b59910a21034210463e') in 0.009087 seconds 
  Import took 0.012941 seconds .

========================================================================
Received Import Request.
  Time since last request: 1.788423 seconds.
  path: Assets/UiPrefab/inGameUI.prefab
  artifactKey: Guid(af584da5baba8394281a7f4b9e0d383f) Importer(815301076,1909f56bfc062723c751e8b465ee728b)
Start importing Assets/UiPrefab/inGameUI.prefab using Guid(af584da5baba8394281a7f4b9e0d383f) Importer(815301076,1909f56bfc062723c751e8b465ee728b)  -> (artifact id: 'f024faa9e6a933cdeb1b2e55df984b02') in 0.007278 seconds 
  Import took 0.010917 seconds .

========================================================================
Received Import Request.
  Time since last request: 2.641527 seconds.
  path: Assets/UiPrefab/inGameUI.prefab
  artifactKey: Guid(af584da5baba8394281a7f4b9e0d383f) Importer(815301076,1909f56bfc062723c751e8b465ee728b)
Start importing Assets/UiPrefab/inGameUI.prefab using Guid(af584da5baba8394281a7f4b9e0d383f) Importer(815301076,1909f56bfc062723c751e8b465ee728b)  -> (artifact id: '790badc64551f2e4e6d6679fc8cab0b9') in 0.008291 seconds 
  Import took 0.011324 seconds .

========================================================================
Received Import Request.
  Time since last request: 2.417314 seconds.
  path: Assets/UiPrefab/inGameUI.prefab
  artifactKey: Guid(af584da5baba8394281a7f4b9e0d383f) Importer(815301076,1909f56bfc062723c751e8b465ee728b)
Start importing Assets/UiPrefab/inGameUI.prefab using Guid(af584da5baba8394281a7f4b9e0d383f) Importer(815301076,1909f56bfc062723c751e8b465ee728b)  -> (artifact id: '3afa611b926550995a6dc87078cac692') in 0.006895 seconds 
  Import took 0.009853 seconds .

========================================================================
Received Import Request.
  Time since last request: 9.706533 seconds.
  path: Assets/UiPrefab/inGameUI.prefab
  artifactKey: Guid(af584da5baba8394281a7f4b9e0d383f) Importer(815301076,1909f56bfc062723c751e8b465ee728b)
Start importing Assets/UiPrefab/inGameUI.prefab using Guid(af584da5baba8394281a7f4b9e0d383f) Importer(815301076,1909f56bfc062723c751e8b465ee728b)  -> (artifact id: 'e9081e735d3cb8fe48bfffed9d03835b') in 0.005649 seconds 
  Import took 0.008708 seconds .

========================================================================
Received Import Request.
  Time since last request: 4.845937 seconds.
  path: Assets/UiPrefab/inGameUI.prefab
  artifactKey: Guid(af584da5baba8394281a7f4b9e0d383f) Importer(815301076,1909f56bfc062723c751e8b465ee728b)
Start importing Assets/UiPrefab/inGameUI.prefab using Guid(af584da5baba8394281a7f4b9e0d383f) Importer(815301076,1909f56bfc062723c751e8b465ee728b)  -> (artifact id: '67a377e4e1b910200e6bdc65eef7d308') in 0.005535 seconds 
  Import took 0.008210 seconds .

========================================================================
Received Prepare
Registering precompiled user dll's ...
Registered in 0.004372 seconds.
Begin MonoManager ReloadAssembly
Native extension for WindowsStandalone target not found
Refreshing native plugins compatible for Editor in 0.38 ms, found 2 plugins.
Preloading 0 native plugins for Editor in 0.00 ms.
Mono: successfully reloaded assembly
- Completed reload, in  0.970 seconds
Domain Reload Profiling:
	ReloadAssembly (970ms)
		BeginReloadAssembly (114ms)
			ExecutionOrderSort (0ms)
			DisableScriptedObjects (6ms)
			BackupInstance (0ms)
			ReleaseScriptingObjects (0ms)
			CreateAndSetChildDomain (32ms)
		EndReloadAssembly (798ms)
			LoadAssemblies (91ms)
			RebuildTransferFunctionScriptingTraits (0ms)
			SetupTypeCache (280ms)
			ReleaseScriptCaches (1ms)
			RebuildScriptCaches (39ms)
			SetupLoadedEditorAssemblies (283ms)
				LogAssemblyErrors (0ms)
				InitializePlatformSupportModulesInManaged (5ms)
				SetLoadedEditorAssemblies (0ms)
				RefreshPlugins (0ms)
				BeforeProcessingInitializeOnLoad (75ms)
				ProcessInitializeOnLoadAttributes (187ms)
				ProcessInitializeOnLoadMethodAttributes (8ms)
				AfterProcessingInitializeOnLoad (7ms)
				EditorAssembliesLoaded (0ms)
			ExecutionOrderSort2 (0ms)
			AwakeInstancesAfterBackupRestoration (6ms)
Platform modules already initialized, skipping
Refreshing native plugins compatible for Editor in 0.41 ms, found 2 plugins.
Preloading 0 native plugins for Editor in 0.00 ms.
Unloading 1835 Unused Serialized files (Serialized files now loaded: 0)
System memory in use before: 101.2 MB.
System memory in use after: 101.3 MB.

Unloading 18 unused Assets to reduce memory usage. Loaded Objects now: 2323.
Total: 2.938300 ms (FindLiveObjects: 0.179500 ms CreateObjectMapping: 0.058300 ms MarkObjects: 2.605100 ms  DeleteObjects: 0.094600 ms)

AssetImportParameters requested are different than current active one (requested -> active):
  custom:framework-win-MediaFoundation: 216162199b28c13a410421893ffa2e32 -> 
  custom:video-decoder-ogg-theora: a1e56fd34408186e4bbccfd4996cb3dc -> 
  custom:container-muxer-webm: aa71ff27fc2769a1b78a27578f13a17b -> 
  custom:container-demuxer-webm: 4f35f7cbe854078d1ac9338744f61a02 -> 
  custom:container-demuxer-ogg: 62fdf1f143b41e24485cea50d1cbac27 -> 
  custom:video-encoder-webm-vp8: eb34c28f22e8b96e1ab97ce403110664 -> 
  custom:video-decoder-webm-vp8: 9c59270c3fd7afecdb556c50c9e8de78 -> 
  custom:audio-decoder-ogg-vorbis: bf7c407c2cedff20999df2af8eb42d56 -> 
  custom:audio-encoder-webm-vorbis: bf7c407c2cedff20999df2af8eb42d56 -> 
========================================================================
Received Prepare
Registering precompiled user dll's ...
Registered in 0.123324 seconds.
Begin MonoManager ReloadAssembly
Native extension for WindowsStandalone target not found
Refreshing native plugins compatible for Editor in 0.39 ms, found 2 plugins.
Preloading 0 native plugins for Editor in 0.00 ms.
Mono: successfully reloaded assembly
- Completed reload, in  1.056 seconds
Domain Reload Profiling:
	ReloadAssembly (1057ms)
		BeginReloadAssembly (113ms)
			ExecutionOrderSort (0ms)
			DisableScriptedObjects (4ms)
			BackupInstance (0ms)
			ReleaseScriptingObjects (0ms)
			CreateAndSetChildDomain (32ms)
		EndReloadAssembly (885ms)
			LoadAssemblies (88ms)
			RebuildTransferFunctionScriptingTraits (0ms)
			SetupTypeCache (280ms)
			ReleaseScriptCaches (1ms)
			RebuildScriptCaches (39ms)
			SetupLoadedEditorAssemblies (385ms)
				LogAssemblyErrors (0ms)
				InitializePlatformSupportModulesInManaged (5ms)
				SetLoadedEditorAssemblies (0ms)
				RefreshPlugins (0ms)
				BeforeProcessingInitializeOnLoad (74ms)
				ProcessInitializeOnLoadAttributes (289ms)
				ProcessInitializeOnLoadMethodAttributes (8ms)
				AfterProcessingInitializeOnLoad (7ms)
				EditorAssembliesLoaded (0ms)
			ExecutionOrderSort2 (0ms)
			AwakeInstancesAfterBackupRestoration (6ms)
Platform modules already initialized, skipping
Refreshing native plugins compatible for Editor in 0.38 ms, found 2 plugins.
Preloading 0 native plugins for Editor in 0.00 ms.
Unloading 1835 Unused Serialized files (Serialized files now loaded: 0)
System memory in use before: 101.2 MB.
System memory in use after: 101.3 MB.

Unloading 15 unused Assets to reduce memory usage. Loaded Objects now: 2325.
Total: 2.869800 ms (FindLiveObjects: 0.191800 ms CreateObjectMapping: 0.060300 ms MarkObjects: 2.540400 ms  DeleteObjects: 0.076200 ms)

AssetImportParameters requested are different than current active one (requested -> active):
  custom:framework-win-MediaFoundation: 216162199b28c13a410421893ffa2e32 -> 
  custom:video-decoder-ogg-theora: a1e56fd34408186e4bbccfd4996cb3dc -> 
  custom:container-muxer-webm: aa71ff27fc2769a1b78a27578f13a17b -> 
  custom:container-demuxer-webm: 4f35f7cbe854078d1ac9338744f61a02 -> 
  custom:container-demuxer-ogg: 62fdf1f143b41e24485cea50d1cbac27 -> 
  custom:video-encoder-webm-vp8: eb34c28f22e8b96e1ab97ce403110664 -> 
  custom:video-decoder-webm-vp8: 9c59270c3fd7afecdb556c50c9e8de78 -> 
  custom:audio-decoder-ogg-vorbis: bf7c407c2cedff20999df2af8eb42d56 -> 
  custom:audio-encoder-webm-vorbis: bf7c407c2cedff20999df2af8eb42d56 -> 
========================================================================
Received Import Request.
  Time since last request: 684.871181 seconds.
  path: Assets/UiPrefab/inGameUI.prefab
  artifactKey: Guid(af584da5baba8394281a7f4b9e0d383f) Importer(815301076,1909f56bfc062723c751e8b465ee728b)
Start importing Assets/UiPrefab/inGameUI.prefab using Guid(af584da5baba8394281a7f4b9e0d383f) Importer(815301076,1909f56bfc062723c751e8b465ee728b)  -> (artifact id: '292633917ad37ba19e54683347bf17d5') in 0.045550 seconds 
  Import took 0.076760 seconds .

========================================================================
Received Import Request.
  Time since last request: 5.038094 seconds.
  path: Assets/UiPrefab/inGameUI.prefab
  artifactKey: Guid(af584da5baba8394281a7f4b9e0d383f) Importer(815301076,1909f56bfc062723c751e8b465ee728b)
Start importing Assets/UiPrefab/inGameUI.prefab using Guid(af584da5baba8394281a7f4b9e0d383f) Importer(815301076,1909f56bfc062723c751e8b465ee728b)  -> (artifact id: 'f4f3041a54dc7c45b9a0fa7dc6ad5b92') in 0.007536 seconds 
  Import took 0.011370 seconds .

========================================================================
Received Import Request.
  Time since last request: 0.775218 seconds.
  path: Assets/UiPrefab/inGameUI.prefab
  artifactKey: Guid(af584da5baba8394281a7f4b9e0d383f) Importer(815301076,1909f56bfc062723c751e8b465ee728b)
Start importing Assets/UiPrefab/inGameUI.prefab using Guid(af584da5baba8394281a7f4b9e0d383f) Importer(815301076,1909f56bfc062723c751e8b465ee728b)  -> (artifact id: '56cb206f3ebecf9825c5e7a9981e9551') in 0.008083 seconds 
  Import took 0.011830 seconds .

========================================================================
Received Import Request.
  Time since last request: 0.810782 seconds.
  path: Assets/UiPrefab/inGameUI.prefab
  artifactKey: Guid(af584da5baba8394281a7f4b9e0d383f) Importer(815301076,1909f56bfc062723c751e8b465ee728b)
Start importing Assets/UiPrefab/inGameUI.prefab using Guid(af584da5baba8394281a7f4b9e0d383f) Importer(815301076,1909f56bfc062723c751e8b465ee728b)  -> (artifact id: '74e2e4939f003123e644eaed1c643782') in 0.008008 seconds 
  Import took 0.011705 seconds .

========================================================================
Received Import Request.
  Time since last request: 7.262289 seconds.
  path: Assets/UiPrefab/inGameUI.prefab
  artifactKey: Guid(af584da5baba8394281a7f4b9e0d383f) Importer(815301076,1909f56bfc062723c751e8b465ee728b)
Start importing Assets/UiPrefab/inGameUI.prefab using Guid(af584da5baba8394281a7f4b9e0d383f) Importer(815301076,1909f56bfc062723c751e8b465ee728b)  -> (artifact id: '3b5481b193b1d3a34b54397b183f6ee0') in 0.007981 seconds 
  Import took 0.011579 seconds .

========================================================================
Received Import Request.
  Time since last request: 5.640403 seconds.
  path: Assets/UiPrefab/inGameUI.prefab
  artifactKey: Guid(af584da5baba8394281a7f4b9e0d383f) Importer(815301076,1909f56bfc062723c751e8b465ee728b)
Start importing Assets/UiPrefab/inGameUI.prefab using Guid(af584da5baba8394281a7f4b9e0d383f) Importer(815301076,1909f56bfc062723c751e8b465ee728b)  -> (artifact id: 'd45e9bc06569c9ff7826c3ae5a3ef48a') in 0.008704 seconds 
  Import took 0.011907 seconds .

========================================================================
Received Import Request.
  Time since last request: 4.664870 seconds.
  path: Assets/UiPrefab/inGameUI.prefab
  artifactKey: Guid(af584da5baba8394281a7f4b9e0d383f) Importer(815301076,1909f56bfc062723c751e8b465ee728b)
Start importing Assets/UiPrefab/inGameUI.prefab using Guid(af584da5baba8394281a7f4b9e0d383f) Importer(815301076,1909f56bfc062723c751e8b465ee728b)  -> (artifact id: '2d07bde0e82d2e64b7b226bf7658fbc3') in 0.008416 seconds 
  Import took 0.011973 seconds .

========================================================================
Received Import Request.
  Time since last request: 7.667586 seconds.
  path: Assets/UiPrefab/inGameUI.prefab
  artifactKey: Guid(af584da5baba8394281a7f4b9e0d383f) Importer(815301076,1909f56bfc062723c751e8b465ee728b)
Start importing Assets/UiPrefab/inGameUI.prefab using Guid(af584da5baba8394281a7f4b9e0d383f) Importer(815301076,1909f56bfc062723c751e8b465ee728b)  -> (artifact id: 'ddbc56ecb319c8acddfef30f1ad12c17') in 0.007355 seconds 
  Import took 0.010370 seconds .

========================================================================
Received Import Request.
  Time since last request: 3.829804 seconds.
  path: Assets/UiPrefab/inGameUI.prefab
  artifactKey: Guid(af584da5baba8394281a7f4b9e0d383f) Importer(815301076,1909f56bfc062723c751e8b465ee728b)
Start importing Assets/UiPrefab/inGameUI.prefab using Guid(af584da5baba8394281a7f4b9e0d383f) Importer(815301076,1909f56bfc062723c751e8b465ee728b)  -> (artifact id: '161049bf037f59318d15cefde44e0245') in 0.006592 seconds 
  Import took 0.009386 seconds .

========================================================================
Received Import Request.
  Time since last request: 24.270004 seconds.
  path: Assets/UiPrefab/inGameUI.prefab
  artifactKey: Guid(af584da5baba8394281a7f4b9e0d383f) Importer(815301076,1909f56bfc062723c751e8b465ee728b)
Start importing Assets/UiPrefab/inGameUI.prefab using Guid(af584da5baba8394281a7f4b9e0d383f) Importer(815301076,1909f56bfc062723c751e8b465ee728b)  -> (artifact id: 'b490ea4a66aff6c28b46c80805ef6814') in 0.007207 seconds 
  Import took 0.010365 seconds .

========================================================================
Received Import Request.
  Time since last request: 9.862797 seconds.
  path: Assets/UiPrefab/inGameUI.prefab
  artifactKey: Guid(af584da5baba8394281a7f4b9e0d383f) Importer(815301076,1909f56bfc062723c751e8b465ee728b)
Start importing Assets/UiPrefab/inGameUI.prefab using Guid(af584da5baba8394281a7f4b9e0d383f) Importer(815301076,1909f56bfc062723c751e8b465ee728b)  -> (artifact id: 'f7217d9b06fa9b055272a64d4ee16a14') in 0.006644 seconds 
  Import took 0.009860 seconds .

========================================================================
Received Import Request.
  Time since last request: 9.288059 seconds.
  path: Assets/UiPrefab/inGameUI.prefab
  artifactKey: Guid(af584da5baba8394281a7f4b9e0d383f) Importer(815301076,1909f56bfc062723c751e8b465ee728b)
Start importing Assets/UiPrefab/inGameUI.prefab using Guid(af584da5baba8394281a7f4b9e0d383f) Importer(815301076,1909f56bfc062723c751e8b465ee728b)  -> (artifact id: 'a2fb10ff48a4e2d17e5904903cbde3b5') in 0.006649 seconds 
  Import took 0.009795 seconds .

========================================================================
Received Import Request.
  Time since last request: 23.002057 seconds.
  path: Assets/UiPrefab/inGameUI.prefab
  artifactKey: Guid(af584da5baba8394281a7f4b9e0d383f) Importer(815301076,1909f56bfc062723c751e8b465ee728b)
Start importing Assets/UiPrefab/inGameUI.prefab using Guid(af584da5baba8394281a7f4b9e0d383f) Importer(815301076,1909f56bfc062723c751e8b465ee728b)  -> (artifact id: '18a25f84e9a51773960c44070fa65fde') in 0.007169 seconds 
  Import took 0.010248 seconds .

========================================================================
Received Import Request.
  Time since last request: 6.343757 seconds.
  path: Assets/UiPrefab/inGameUI.prefab
  artifactKey: Guid(af584da5baba8394281a7f4b9e0d383f) Importer(815301076,1909f56bfc062723c751e8b465ee728b)
Start importing Assets/UiPrefab/inGameUI.prefab using Guid(af584da5baba8394281a7f4b9e0d383f) Importer(815301076,1909f56bfc062723c751e8b465ee728b)  -> (artifact id: 'e55b43ad61439f572ace3c6b367a73e3') in 0.007305 seconds 
  Import took 0.010601 seconds .

========================================================================
Received Import Request.
  Time since last request: 24.000056 seconds.
  path: Assets/UiPrefab/inGameUI.prefab
  artifactKey: Guid(af584da5baba8394281a7f4b9e0d383f) Importer(815301076,1909f56bfc062723c751e8b465ee728b)
Start importing Assets/UiPrefab/inGameUI.prefab using Guid(af584da5baba8394281a7f4b9e0d383f) Importer(815301076,1909f56bfc062723c751e8b465ee728b)  -> (artifact id: '94f2e692946a2cf5f972411ed86cfb53') in 0.006273 seconds 
  Import took 0.009088 seconds .

========================================================================
Received Import Request.
  Time since last request: 37.698760 seconds.
  path: Assets/UiPrefab/inGameUI.prefab
  artifactKey: Guid(af584da5baba8394281a7f4b9e0d383f) Importer(815301076,1909f56bfc062723c751e8b465ee728b)
Start importing Assets/UiPrefab/inGameUI.prefab using Guid(af584da5baba8394281a7f4b9e0d383f) Importer(815301076,1909f56bfc062723c751e8b465ee728b)  -> (artifact id: 'f9f73d547019c57b51c67a830ee8a213') in 0.006291 seconds 
  Import took 0.009393 seconds .

========================================================================
Received Import Request.
  Time since last request: 0.993046 seconds.
  path: Assets/UiPrefab/inGameUI.prefab
  artifactKey: Guid(af584da5baba8394281a7f4b9e0d383f) Importer(815301076,1909f56bfc062723c751e8b465ee728b)
Start importing Assets/UiPrefab/inGameUI.prefab using Guid(af584da5baba8394281a7f4b9e0d383f) Importer(815301076,1909f56bfc062723c751e8b465ee728b)  -> (artifact id: '0a2974ed4ccce53ff2a23308f843aaf5') in 0.008415 seconds 
  Import took 0.034694 seconds .

========================================================================
Received Import Request.
  Time since last request: 3.635602 seconds.
  path: Assets/UiPrefab/inGameUI.prefab
  artifactKey: Guid(af584da5baba8394281a7f4b9e0d383f) Importer(815301076,1909f56bfc062723c751e8b465ee728b)
Start importing Assets/UiPrefab/inGameUI.prefab using Guid(af584da5baba8394281a7f4b9e0d383f) Importer(815301076,1909f56bfc062723c751e8b465ee728b)  -> (artifact id: '33fabac2b3b2cebea05d62411768d31d') in 0.006041 seconds 
  Import took 0.008854 seconds .

========================================================================
Received Import Request.
  Time since last request: 6.033731 seconds.
  path: Assets/UiPrefab/inGameUI.prefab
  artifactKey: Guid(af584da5baba8394281a7f4b9e0d383f) Importer(815301076,1909f56bfc062723c751e8b465ee728b)
Start importing Assets/UiPrefab/inGameUI.prefab using Guid(af584da5baba8394281a7f4b9e0d383f) Importer(815301076,1909f56bfc062723c751e8b465ee728b)  -> (artifact id: 'd76c6124a45e6c9182782dee07200f71') in 0.006681 seconds 
  Import took 0.010381 seconds .

========================================================================
Received Import Request.
  Time since last request: 10.064161 seconds.
  path: Assets/UiPrefab/inGameUI.prefab
  artifactKey: Guid(af584da5baba8394281a7f4b9e0d383f) Importer(815301076,1909f56bfc062723c751e8b465ee728b)
Start importing Assets/UiPrefab/inGameUI.prefab using Guid(af584da5baba8394281a7f4b9e0d383f) Importer(815301076,1909f56bfc062723c751e8b465ee728b)  -> (artifact id: 'd413c764cb80ebf42ffd9413b86a35a1') in 0.005998 seconds 
  Import took 0.009871 seconds .

========================================================================
Received Import Request.
  Time since last request: 5.850269 seconds.
  path: Assets/UiPrefab/inGameUI.prefab
  artifactKey: Guid(af584da5baba8394281a7f4b9e0d383f) Importer(815301076,1909f56bfc062723c751e8b465ee728b)
Start importing Assets/UiPrefab/inGameUI.prefab using Guid(af584da5baba8394281a7f4b9e0d383f) Importer(815301076,1909f56bfc062723c751e8b465ee728b)  -> (artifact id: '74dcdc6e7ba5ba79767eefe35f64219d') in 0.006179 seconds 
  Import took 0.009370 seconds .

========================================================================
Received Import Request.
  Time since last request: 5.672220 seconds.
  path: Assets/UiPrefab/inGameUI.prefab
  artifactKey: Guid(af584da5baba8394281a7f4b9e0d383f) Importer(815301076,1909f56bfc062723c751e8b465ee728b)
Start importing Assets/UiPrefab/inGameUI.prefab using Guid(af584da5baba8394281a7f4b9e0d383f) Importer(815301076,1909f56bfc062723c751e8b465ee728b)  -> (artifact id: 'e28c58ebe65d541f8664b81268a80615') in 0.007443 seconds 
  Import took 0.010359 seconds .

========================================================================
Received Import Request.
  Time since last request: 8.060507 seconds.
  path: Assets/UiPrefab/inGameUI.prefab
  artifactKey: Guid(af584da5baba8394281a7f4b9e0d383f) Importer(815301076,1909f56bfc062723c751e8b465ee728b)
Start importing Assets/UiPrefab/inGameUI.prefab using Guid(af584da5baba8394281a7f4b9e0d383f) Importer(815301076,1909f56bfc062723c751e8b465ee728b)  -> (artifact id: 'd872003dde29394e972ece1b3b5f4dc9') in 0.006458 seconds 
  Import took 0.009231 seconds .

========================================================================
Received Import Request.
  Time since last request: 9.268195 seconds.
  path: Assets/UiPrefab/inGameUI.prefab
  artifactKey: Guid(af584da5baba8394281a7f4b9e0d383f) Importer(815301076,1909f56bfc062723c751e8b465ee728b)
Start importing Assets/UiPrefab/inGameUI.prefab using Guid(af584da5baba8394281a7f4b9e0d383f) Importer(815301076,1909f56bfc062723c751e8b465ee728b)  -> (artifact id: '22b241491fb1d475ade892589e72a1a4') in 0.006637 seconds 
  Import took 0.010481 seconds .

========================================================================
Received Import Request.
  Time since last request: 8.082167 seconds.
  path: Assets/UiPrefab/inGameUI.prefab
  artifactKey: Guid(af584da5baba8394281a7f4b9e0d383f) Importer(815301076,1909f56bfc062723c751e8b465ee728b)
Start importing Assets/UiPrefab/inGameUI.prefab using Guid(af584da5baba8394281a7f4b9e0d383f) Importer(815301076,1909f56bfc062723c751e8b465ee728b)  -> (artifact id: 'e4bea68e4ea68a71c798f28d42af690a') in 0.006577 seconds 
  Import took 0.009326 seconds .

========================================================================
Received Import Request.
  Time since last request: 7.292663 seconds.
  path: Assets/UiPrefab/inGameUI.prefab
  artifactKey: Guid(af584da5baba8394281a7f4b9e0d383f) Importer(815301076,1909f56bfc062723c751e8b465ee728b)
Start importing Assets/UiPrefab/inGameUI.prefab using Guid(af584da5baba8394281a7f4b9e0d383f) Importer(815301076,1909f56bfc062723c751e8b465ee728b)  -> (artifact id: '2e8052ec5ccc728d09924ce82c657a81') in 0.006885 seconds 
  Import took 0.010149 seconds .

========================================================================
Received Import Request.
  Time since last request: 19.767412 seconds.
  path: Assets/UiPrefab/inGameUI.prefab
  artifactKey: Guid(af584da5baba8394281a7f4b9e0d383f) Importer(815301076,1909f56bfc062723c751e8b465ee728b)
Start importing Assets/UiPrefab/inGameUI.prefab using Guid(af584da5baba8394281a7f4b9e0d383f) Importer(815301076,1909f56bfc062723c751e8b465ee728b)  -> (artifact id: '0e32f6a183b8881647f83169fc559b20') in 0.007687 seconds 
  Import took 0.012303 seconds .

========================================================================
Received Import Request.
  Time since last request: 4.835652 seconds.
  path: Assets/UiPrefab/inGameUI.prefab
  artifactKey: Guid(af584da5baba8394281a7f4b9e0d383f) Importer(815301076,1909f56bfc062723c751e8b465ee728b)
Start importing Assets/UiPrefab/inGameUI.prefab using Guid(af584da5baba8394281a7f4b9e0d383f) Importer(815301076,1909f56bfc062723c751e8b465ee728b)  -> (artifact id: '3c3a4e72ecc89baaaa283e97ec44cd1e') in 0.008125 seconds 
  Import took 0.011940 seconds .

========================================================================
Received Import Request.
  Time since last request: 1.789871 seconds.
  path: Assets/UiPrefab/inGameUI.prefab
  artifactKey: Guid(af584da5baba8394281a7f4b9e0d383f) Importer(815301076,1909f56bfc062723c751e8b465ee728b)
Start importing Assets/UiPrefab/inGameUI.prefab using Guid(af584da5baba8394281a7f4b9e0d383f) Importer(815301076,1909f56bfc062723c751e8b465ee728b)  -> (artifact id: '40c576bd3372b7fc1b84b12fb8e7456f') in 0.011743 seconds 
  Import took 0.014587 seconds .

========================================================================
Received Import Request.
  Time since last request: 2.670606 seconds.
  path: Assets/UiPrefab/inGameUI.prefab
  artifactKey: Guid(af584da5baba8394281a7f4b9e0d383f) Importer(815301076,1909f56bfc062723c751e8b465ee728b)
Start importing Assets/UiPrefab/inGameUI.prefab using Guid(af584da5baba8394281a7f4b9e0d383f) Importer(815301076,1909f56bfc062723c751e8b465ee728b)  -> (artifact id: '1a5dfb1ae08fe66658a98246777981ea') in 0.008599 seconds 
  Import took 0.012553 seconds .

========================================================================
Received Import Request.
  Time since last request: 2.162478 seconds.
  path: Assets/UiPrefab/inGameUI.prefab
  artifactKey: Guid(af584da5baba8394281a7f4b9e0d383f) Importer(815301076,1909f56bfc062723c751e8b465ee728b)
Start importing Assets/UiPrefab/inGameUI.prefab using Guid(af584da5baba8394281a7f4b9e0d383f) Importer(815301076,1909f56bfc062723c751e8b465ee728b)  -> (artifact id: '0c5e0dc1686e0901d414f2159c12b95a') in 0.007494 seconds 
  Import took 0.010542 seconds .

========================================================================
Received Import Request.
  Time since last request: 2.216413 seconds.
  path: Assets/UiPrefab/inGameUI.prefab
  artifactKey: Guid(af584da5baba8394281a7f4b9e0d383f) Importer(815301076,1909f56bfc062723c751e8b465ee728b)
Start importing Assets/UiPrefab/inGameUI.prefab using Guid(af584da5baba8394281a7f4b9e0d383f) Importer(815301076,1909f56bfc062723c751e8b465ee728b)  -> (artifact id: 'a0efc9ebb0ab8e33747853e549077833') in 0.007525 seconds 
  Import took 0.010687 seconds .

========================================================================
Received Prepare
Registering precompiled user dll's ...
Registered in 0.004807 seconds.
Begin MonoManager ReloadAssembly
Native extension for WindowsStandalone target not found
Refreshing native plugins compatible for Editor in 0.61 ms, found 2 plugins.
Preloading 0 native plugins for Editor in 0.00 ms.
Mono: successfully reloaded assembly
- Completed reload, in  1.002 seconds
Domain Reload Profiling:
	ReloadAssembly (1003ms)
		BeginReloadAssembly (120ms)
			ExecutionOrderSort (0ms)
			DisableScriptedObjects (5ms)
			BackupInstance (0ms)
			ReleaseScriptingObjects (0ms)
			CreateAndSetChildDomain (31ms)
		EndReloadAssembly (820ms)
			LoadAssemblies (100ms)
			RebuildTransferFunctionScriptingTraits (0ms)
			SetupTypeCache (295ms)
			ReleaseScriptCaches (1ms)
			RebuildScriptCaches (40ms)
			SetupLoadedEditorAssemblies (284ms)
				LogAssemblyErrors (0ms)
				InitializePlatformSupportModulesInManaged (7ms)
				SetLoadedEditorAssemblies (1ms)
				RefreshPlugins (1ms)
				BeforeProcessingInitializeOnLoad (77ms)
				ProcessInitializeOnLoadAttributes (183ms)
				ProcessInitializeOnLoadMethodAttributes (8ms)
				AfterProcessingInitializeOnLoad (7ms)
				EditorAssembliesLoaded (0ms)
			ExecutionOrderSort2 (0ms)
			AwakeInstancesAfterBackupRestoration (6ms)
Platform modules already initialized, skipping
Refreshing native plugins compatible for Editor in 0.37 ms, found 2 plugins.
Preloading 0 native plugins for Editor in 0.00 ms.
Unloading 1835 Unused Serialized files (Serialized files now loaded: 0)
System memory in use before: 101.3 MB.
System memory in use after: 101.4 MB.

Unloading 21 unused Assets to reduce memory usage. Loaded Objects now: 2329.
Total: 2.681100 ms (FindLiveObjects: 0.179100 ms CreateObjectMapping: 0.061700 ms MarkObjects: 2.348700 ms  DeleteObjects: 0.090600 ms)

AssetImportParameters requested are different than current active one (requested -> active):
  custom:framework-win-MediaFoundation: 216162199b28c13a410421893ffa2e32 -> 
  custom:video-decoder-ogg-theora: a1e56fd34408186e4bbccfd4996cb3dc -> 
  custom:container-muxer-webm: aa71ff27fc2769a1b78a27578f13a17b -> 
  custom:container-demuxer-webm: 4f35f7cbe854078d1ac9338744f61a02 -> 
  custom:container-demuxer-ogg: 62fdf1f143b41e24485cea50d1cbac27 -> 
  custom:video-encoder-webm-vp8: eb34c28f22e8b96e1ab97ce403110664 -> 
  custom:video-decoder-webm-vp8: 9c59270c3fd7afecdb556c50c9e8de78 -> 
  custom:audio-decoder-ogg-vorbis: bf7c407c2cedff20999df2af8eb42d56 -> 
  custom:audio-encoder-webm-vorbis: bf7c407c2cedff20999df2af8eb42d56 -> 
========================================================================
Received Prepare
Registering precompiled user dll's ...
Registered in 0.005676 seconds.
Begin MonoManager ReloadAssembly
Native extension for WindowsStandalone target not found
Refreshing native plugins compatible for Editor in 0.81 ms, found 2 plugins.
Preloading 0 native plugins for Editor in 0.00 ms.
Mono: successfully reloaded assembly
- Completed reload, in  1.156 seconds
Domain Reload Profiling:
	ReloadAssembly (1157ms)
		BeginReloadAssembly (125ms)
			ExecutionOrderSort (0ms)
			DisableScriptedObjects (5ms)
			BackupInstance (0ms)
			ReleaseScriptingObjects (0ms)
			CreateAndSetChildDomain (36ms)
		EndReloadAssembly (957ms)
			LoadAssemblies (106ms)
			RebuildTransferFunctionScriptingTraits (0ms)
			SetupTypeCache (332ms)
			ReleaseScriptCaches (1ms)
			RebuildScriptCaches (45ms)
			SetupLoadedEditorAssemblies (353ms)
				LogAssemblyErrors (0ms)
				InitializePlatformSupportModulesInManaged (8ms)
				SetLoadedEditorAssemblies (2ms)
				RefreshPlugins (1ms)
				BeforeProcessingInitializeOnLoad (100ms)
				ProcessInitializeOnLoadAttributes (222ms)
				ProcessInitializeOnLoadMethodAttributes (11ms)
				AfterProcessingInitializeOnLoad (9ms)
				EditorAssembliesLoaded (0ms)
			ExecutionOrderSort2 (0ms)
			AwakeInstancesAfterBackupRestoration (7ms)
Platform modules already initialized, skipping
Refreshing native plugins compatible for Editor in 0.63 ms, found 2 plugins.
Preloading 0 native plugins for Editor in 0.00 ms.
Unloading 1835 Unused Serialized files (Serialized files now loaded: 0)
System memory in use before: 101.3 MB.
System memory in use after: 101.4 MB.

Unloading 15 unused Assets to reduce memory usage. Loaded Objects now: 2331.
Total: 3.295100 ms (FindLiveObjects: 0.188400 ms CreateObjectMapping: 0.072200 ms MarkObjects: 2.936300 ms  DeleteObjects: 0.096600 ms)

AssetImportParameters requested are different than current active one (requested -> active):
  custom:framework-win-MediaFoundation: 216162199b28c13a410421893ffa2e32 -> 
  custom:video-decoder-ogg-theora: a1e56fd34408186e4bbccfd4996cb3dc -> 
  custom:container-muxer-webm: aa71ff27fc2769a1b78a27578f13a17b -> 
  custom:container-demuxer-webm: 4f35f7cbe854078d1ac9338744f61a02 -> 
  custom:container-demuxer-ogg: 62fdf1f143b41e24485cea50d1cbac27 -> 
  custom:video-encoder-webm-vp8: eb34c28f22e8b96e1ab97ce403110664 -> 
  custom:video-decoder-webm-vp8: 9c59270c3fd7afecdb556c50c9e8de78 -> 
  custom:audio-decoder-ogg-vorbis: bf7c407c2cedff20999df2af8eb42d56 -> 
  custom:audio-encoder-webm-vorbis: bf7c407c2cedff20999df2af8eb42d56 -> 
========================================================================
Received Prepare
Registering precompiled user dll's ...
Registered in 0.004351 seconds.
Begin MonoManager ReloadAssembly
Native extension for WindowsStandalone target not found
Refreshing native plugins compatible for Editor in 0.37 ms, found 2 plugins.
Preloading 0 native plugins for Editor in 0.00 ms.
Mono: successfully reloaded assembly
- Completed reload, in  0.985 seconds
Domain Reload Profiling:
	ReloadAssembly (985ms)
		BeginReloadAssembly (122ms)
			ExecutionOrderSort (0ms)
			DisableScriptedObjects (4ms)
			BackupInstance (0ms)
			ReleaseScriptingObjects (0ms)
			CreateAndSetChildDomain (27ms)
		EndReloadAssembly (798ms)
			LoadAssemblies (104ms)
			RebuildTransferFunctionScriptingTraits (0ms)
			SetupTypeCache (279ms)
			ReleaseScriptCaches (1ms)
			RebuildScriptCaches (48ms)
			SetupLoadedEditorAssemblies (282ms)
				LogAssemblyErrors (0ms)
				InitializePlatformSupportModulesInManaged (4ms)
				SetLoadedEditorAssemblies (1ms)
				RefreshPlugins (0ms)
				BeforeProcessingInitializeOnLoad (72ms)
				ProcessInitializeOnLoadAttributes (185ms)
				ProcessInitializeOnLoadMethodAttributes (11ms)
				AfterProcessingInitializeOnLoad (8ms)
				EditorAssembliesLoaded (0ms)
			ExecutionOrderSort2 (0ms)
			AwakeInstancesAfterBackupRestoration (6ms)
Platform modules already initialized, skipping
Refreshing native plugins compatible for Editor in 0.39 ms, found 2 plugins.
Preloading 0 native plugins for Editor in 0.00 ms.
Unloading 1835 Unused Serialized files (Serialized files now loaded: 0)
System memory in use before: 101.4 MB.
System memory in use after: 101.4 MB.

Unloading 15 unused Assets to reduce memory usage. Loaded Objects now: 2333.
Total: 3.087500 ms (FindLiveObjects: 0.370500 ms CreateObjectMapping: 0.078300 ms MarkObjects: 2.556300 ms  DeleteObjects: 0.081700 ms)

AssetImportParameters requested are different than current active one (requested -> active):
  custom:framework-win-MediaFoundation: 216162199b28c13a410421893ffa2e32 -> 
  custom:video-decoder-ogg-theora: a1e56fd34408186e4bbccfd4996cb3dc -> 
  custom:container-muxer-webm: aa71ff27fc2769a1b78a27578f13a17b -> 
  custom:container-demuxer-webm: 4f35f7cbe854078d1ac9338744f61a02 -> 
  custom:container-demuxer-ogg: 62fdf1f143b41e24485cea50d1cbac27 -> 
  custom:video-encoder-webm-vp8: eb34c28f22e8b96e1ab97ce403110664 -> 
  custom:video-decoder-webm-vp8: 9c59270c3fd7afecdb556c50c9e8de78 -> 
  custom:audio-decoder-ogg-vorbis: bf7c407c2cedff20999df2af8eb42d56 -> 
  custom:audio-encoder-webm-vorbis: bf7c407c2cedff20999df2af8eb42d56 -> 
========================================================================
Received Prepare
Registering precompiled user dll's ...
Registered in 0.004570 seconds.
Begin MonoManager ReloadAssembly
Native extension for WindowsStandalone target not found
Refreshing native plugins compatible for Editor in 0.39 ms, found 2 plugins.
Preloading 0 native plugins for Editor in 0.00 ms.
Mono: successfully reloaded assembly
- Completed reload, in  0.908 seconds
Domain Reload Profiling:
	ReloadAssembly (908ms)
		BeginReloadAssembly (102ms)
			ExecutionOrderSort (0ms)
			DisableScriptedObjects (4ms)
			BackupInstance (0ms)
			ReleaseScriptingObjects (0ms)
			CreateAndSetChildDomain (27ms)
		EndReloadAssembly (748ms)
			LoadAssemblies (87ms)
			RebuildTransferFunctionScriptingTraits (0ms)
			SetupTypeCache (262ms)
			ReleaseScriptCaches (1ms)
			RebuildScriptCaches (37ms)
			SetupLoadedEditorAssemblies (275ms)
				LogAssemblyErrors (0ms)
				InitializePlatformSupportModulesInManaged (4ms)
				SetLoadedEditorAssemblies (0ms)
				RefreshPlugins (0ms)
				BeforeProcessingInitializeOnLoad (72ms)
				ProcessInitializeOnLoadAttributes (182ms)
				ProcessInitializeOnLoadMethodAttributes (8ms)
				AfterProcessingInitializeOnLoad (7ms)
				EditorAssembliesLoaded (0ms)
			ExecutionOrderSort2 (0ms)
			AwakeInstancesAfterBackupRestoration (6ms)
Platform modules already initialized, skipping
Refreshing native plugins compatible for Editor in 0.38 ms, found 2 plugins.
Preloading 0 native plugins for Editor in 0.00 ms.
Unloading 1835 Unused Serialized files (Serialized files now loaded: 0)
System memory in use before: 101.4 MB.
System memory in use after: 101.4 MB.

Unloading 15 unused Assets to reduce memory usage. Loaded Objects now: 2335.
Total: 3.160900 ms (FindLiveObjects: 0.166400 ms CreateObjectMapping: 0.060100 ms MarkObjects: 2.799100 ms  DeleteObjects: 0.134100 ms)

AssetImportParameters requested are different than current active one (requested -> active):
  custom:framework-win-MediaFoundation: 216162199b28c13a410421893ffa2e32 -> 
  custom:video-decoder-ogg-theora: a1e56fd34408186e4bbccfd4996cb3dc -> 
  custom:container-muxer-webm: aa71ff27fc2769a1b78a27578f13a17b -> 
  custom:container-demuxer-webm: 4f35f7cbe854078d1ac9338744f61a02 -> 
  custom:container-demuxer-ogg: 62fdf1f143b41e24485cea50d1cbac27 -> 
  custom:video-encoder-webm-vp8: eb34c28f22e8b96e1ab97ce403110664 -> 
  custom:video-decoder-webm-vp8: 9c59270c3fd7afecdb556c50c9e8de78 -> 
  custom:audio-decoder-ogg-vorbis: bf7c407c2cedff20999df2af8eb42d56 -> 
  custom:audio-encoder-webm-vorbis: bf7c407c2cedff20999df2af8eb42d56 -> 
